[ERROR] 2020-03-19 21:23:31.440 [main] Main - java.lang.ArithmeticException: / by zero
[ERROR] 2020-03-20 07:46:44.606 [main] Main - org.openqa.selenium.TimeoutException: Expected condition failed: waiting for login.tiketi.TiketSoccerbet$1@27f74733 (tried for 60 second(s) with 500 milliseconds interval)
Build info: version: '3.141.59', revision: 'e82be7d358', time: '2018-11-14T08:17:03'
System info: host: 'DESKTOP-E278QCN', ip: '192.168.0.12', os.name: 'Windows 10', os.arch: 'amd64', os.version: '10.0', java.version: '1.8.0_221'
Driver info: org.openqa.selenium.firefox.FirefoxDriver
Capabilities {acceptInsecureCerts: true, browserName: firefox, browserVersion: 73.0.1, javascriptEnabled: true, moz:accessibilityChecks: false, moz:buildID: 20200217142647, moz:geckodriverVersion: 0.26.0, moz:headless: false, moz:processID: 9716, moz:profile: C:\Users\Milica\AppData\Loc..., moz:shutdownTimeout: 60000, moz:useNonSpecCompliantPointerOrigin: false, moz:webdriverClick: true, pageLoadStrategy: normal, platform: WINDOWS, platformName: WINDOWS, platformVersion: 10.0, rotatable: false, setWindowRect: true, strictFileInteractability: false, timeouts: {implicit: 0, pageLoad: 300000, script: 30000}, unhandledPromptBehavior: dismiss and notify}
Session ID: 1531b78a-8b86-4b8c-ac80-18cfe238b8a0
[ERROR] 2020-03-20 07:49:17.628 [main] Main - org.openqa.selenium.TimeoutException: Expected condition failed: waiting for login.tiketi.TiketSoccerbet$1@5116ac09 (tried for 60 second(s) with 500 milliseconds interval)
Build info: version: '3.141.59', revision: 'e82be7d358', time: '2018-11-14T08:17:03'
System info: host: 'DESKTOP-E278QCN', ip: '192.168.0.12', os.name: 'Windows 10', os.arch: 'amd64', os.version: '10.0', java.version: '1.8.0_221'
Driver info: org.openqa.selenium.firefox.FirefoxDriver
Capabilities {acceptInsecureCerts: true, browserName: firefox, browserVersion: 73.0.1, javascriptEnabled: true, moz:accessibilityChecks: false, moz:buildID: 20200217142647, moz:geckodriverVersion: 0.26.0, moz:headless: false, moz:processID: 11272, moz:profile: C:\Users\Milica\AppData\Loc..., moz:shutdownTimeout: 60000, moz:useNonSpecCompliantPointerOrigin: false, moz:webdriverClick: true, pageLoadStrategy: normal, platform: WINDOWS, platformName: WINDOWS, platformVersion: 10.0, rotatable: false, setWindowRect: true, strictFileInteractability: false, timeouts: {implicit: 0, pageLoad: 300000, script: 30000}, unhandledPromptBehavior: dismiss and notify}
Session ID: c4191c76-d3eb-4883-9100-51e775758acf
[ERROR] 2020-03-20 07:50:31.093 [main] Main - org.openqa.selenium.TimeoutException: Expected condition failed: waiting for element to be clickable: By.cssSelector: a.pairs (tried for 60 second(s) with 500 milliseconds interval)
[ERROR] 2020-03-20 07:50:40.322 [main] Main - org.openqa.selenium.ElementClickInterceptedException: Element <button class="accept-cookies-button"> is not clickable at point (1188,712) because another element <div class="loader"> obscures it
Build info: version: '3.141.59', revision: 'e82be7d358', time: '2018-11-14T08:17:03'
System info: host: 'DESKTOP-E278QCN', ip: '192.168.0.12', os.name: 'Windows 10', os.arch: 'amd64', os.version: '10.0', java.version: '1.8.0_221'
Driver info: org.openqa.selenium.firefox.FirefoxDriver
Capabilities {acceptInsecureCerts: true, browserName: firefox, browserVersion: 73.0.1, javascriptEnabled: true, moz:accessibilityChecks: false, moz:buildID: 20200217142647, moz:geckodriverVersion: 0.26.0, moz:headless: false, moz:processID: 11272, moz:profile: C:\Users\Milica\AppData\Loc..., moz:shutdownTimeout: 60000, moz:useNonSpecCompliantPointerOrigin: false, moz:webdriverClick: true, pageLoadStrategy: normal, platform: WINDOWS, platformName: WINDOWS, platformVersion: 10.0, rotatable: false, setWindowRect: true, strictFileInteractability: false, timeouts: {implicit: 0, pageLoad: 300000, script: 30000}, unhandledPromptBehavior: dismiss and notify}
Session ID: c4191c76-d3eb-4883-9100-51e775758acf
[ERROR] 2020-03-20 07:59:25.564 [main] Main - org.openqa.selenium.TimeoutException: Expected condition failed: waiting for visibility of Proxy element for: AjaxElementLocator 'By.xpath: //html/body/main-app/div/div[1]/div[2]/ticket/div[1]/div[2]/div/div[2]/div[1]/ticket-single/div/div[3]/button' (tried for 60 second(s) with 500 milliseconds interval)
[ERROR] 2020-03-20 12:01:27.941 [main] Main - org.openqa.selenium.TimeoutException: Expected condition failed: waiting for element to be clickable: By.cssSelector: div.search-result.pos-full-width.ng-scope (tried for 60 second(s) with 500 milliseconds interval)
[ERROR] 2020-03-20 12:12:12.065 [main] Main - org.openqa.selenium.TimeoutException: Expected condition failed: waiting for element to be clickable: By.cssSelector: div.search-result.pos-full-width.ng-scope (tried for 60 second(s) with 500 milliseconds interval)
[ERROR] 2020-03-20 12:17:28.758 [main] Main - org.openqa.selenium.TimeoutException: Expected condition failed: waiting for element to be clickable: By.cssSelector: div.search-result.pos-full-width.ng-scope (tried for 60 second(s) with 500 milliseconds interval)
[ERROR] 2020-03-20 12:35:25.268 [main] Main - org.openqa.selenium.TimeoutException: Expected condition failed: waiting for element to be clickable: By.cssSelector: div.search-result.pos-full-width.ng-scope (tried for 30 second(s) with 500 milliseconds interval)
[ERROR] 2020-03-20 12:40:42.954 [main] Main - org.openqa.selenium.TimeoutException: Expected condition failed: waiting for element to be clickable: By.cssSelector: div.search-result.pos-full-width.ng-scope (tried for 30 second(s) with 500 milliseconds interval)
[ERROR] 2020-03-20 12:43:24.134 [main] Main - org.openqa.selenium.TimeoutException: Expected condition failed: waiting for element to be clickable: By.cssSelector: div.search-result.pos-full-width.ng-scope (tried for 30 second(s) with 500 milliseconds interval)
[ERROR] 2020-03-20 12:45:37.123 [main] Main - org.openqa.selenium.TimeoutException: Expected condition failed: waiting for element to be clickable: By.cssSelector: div.search-result.pos-full-width.ng-scope (tried for 30 second(s) with 500 milliseconds interval)
[ERROR] 2020-03-20 12:47:05.610 [main] Main - org.openqa.selenium.NoSuchElementException: Timed out after 15 seconds. Unable to locate the element
